2025-08-13 23:35:28,496 - ERROR - Error selecting option 2W in dropdown form_vehicleType: Message: 
Stacktrace:
	GetHandleVerifier [0x0x9dba83+63395]
	GetHandleVerifier [0x0x9dbac4+63460]
	(No symbol) [0x0x822113]
	(No symbol) [0x0x86a85e]
	(No symbol) [0x0x86abfb]
	(No symbol) [0x0x8b2f92]
	(No symbol) [0x0x88f3f4]
	(No symbol) [0x0x8b07ba]
	(No symbol) [0x0x88f1a6]
	(No symbol) [0x0x85e7b2]
	(No symbol) [0x0x85f654]
	GetHandleVerifier [0x0xc58883+2672035]
	GetHandleVerifier [0x0xc53cba+2652634]
	GetHandleVerifier [0x0xa02bca+223466]
	GetHandleVerifier [0x0x9f2cb8+158168]
	GetHandleVerifier [0x0x9f978d+185517]
	GetHandleVerifier [0x0x9e3b78+96408]
	GetHandleVerifier [0x0x9e3d02+96802]
	GetHandleVerifier [0x0x9ce90a+9770]
	BaseThreadInitThunk [0x0x76ff5d49+25]
	RtlInitializeExceptionChain [0x0x77a5d2fb+107]
	RtlGetAppContainerNamedObjectPath [0x0x77a5d281+561]

2025-08-13 23:35:48,847 - ERROR - Error selecting option 3W in dropdown form_vehicleType: Message: 
Stacktrace:
	GetHandleVerifier [0x0x9dba83+63395]
	GetHandleVerifier [0x0x9dbac4+63460]
	(No symbol) [0x0x822113]
	(No symbol) [0x0x86a85e]
	(No symbol) [0x0x86abfb]
	(No symbol) [0x0x8b2f92]
	(No symbol) [0x0x88f3f4]
	(No symbol) [0x0x8b07ba]
	(No symbol) [0x0x88f1a6]
	(No symbol) [0x0x85e7b2]
	(No symbol) [0x0x85f654]
	GetHandleVerifier [0x0xc58883+2672035]
	GetHandleVerifier [0x0xc53cba+2652634]
	GetHandleVerifier [0x0xa02bca+223466]
	GetHandleVerifier [0x0x9f2cb8+158168]
	GetHandleVerifier [0x0x9f978d+185517]
	GetHandleVerifier [0x0x9e3b78+96408]
	GetHandleVerifier [0x0x9e3d02+96802]
	GetHandleVerifier [0x0x9ce90a+9770]
	BaseThreadInitThunk [0x0x76ff5d49+25]
	RtlInitializeExceptionChain [0x0x77a5d2fb+107]
	RtlGetAppContainerNamedObjectPath [0x0x77a5d281+561]

2025-08-13 23:36:09,305 - ERROR - Error selecting option 4W in dropdown form_vehicleType: Message: 
Stacktrace:
	GetHandleVerifier [0x0x9dba83+63395]
	GetHandleVerifier [0x0x9dbac4+63460]
	(No symbol) [0x0x822113]
	(No symbol) [0x0x86a85e]
	(No symbol) [0x0x86abfb]
	(No symbol) [0x0x8b2f92]
	(No symbol) [0x0x88f3f4]
	(No symbol) [0x0x8b07ba]
	(No symbol) [0x0x88f1a6]
	(No symbol) [0x0x85e7b2]
	(No symbol) [0x0x85f654]
	GetHandleVerifier [0x0xc58883+2672035]
	GetHandleVerifier [0x0xc53cba+2652634]
	GetHandleVerifier [0x0xa02bca+223466]
	GetHandleVerifier [0x0x9f2cb8+158168]
	GetHandleVerifier [0x0x9f978d+185517]
	GetHandleVerifier [0x0x9e3b78+96408]
	GetHandleVerifier [0x0x9e3d02+96802]
	GetHandleVerifier [0x0x9ce90a+9770]
	BaseThreadInitThunk [0x0x76ff5d49+25]
	RtlInitializeExceptionChain [0x0x77a5d2fb+107]
	RtlGetAppContainerNamedObjectPath [0x0x77a5d281+561]

