2025-08-14 15:21:23,931 - ERROR - Vehicle type select not found (j_idt28_input). Verify page structure.
2025-08-14 15:21:43,582 - ERROR - Vehicle type select not found (j_idt28_input). Available selects: ['j_idt26_input', 'j_idt34_input', 'selectedRto_input', 'yaxisVar_input', 'xaxisVar_input', 'selectedYearType_input', 'selectedYear_input']
2025-08-14 15:24:12,010 - INFO - Saved initial tablePnl fragment after rclay.
2025-08-14 15:24:12,781 - INFO - Saved diagnostic refresh fragment.
2025-08-14 15:24:12,783 - ERROR - Vehicle type select not found (j_idt28_input). Available selects: ['j_idt26_input', 'j_idt34_input', 'selectedRto_input', 'yaxisVar_input', 'xaxisVar_input', 'selectedYearType_input', 'selectedYear_input']
2025-08-14 15:25:10,159 - INFO - Saved initial tablePnl fragment after rclay.
2025-08-14 15:25:10,705 - INFO - Saved diagnostic refresh fragment.
2025-08-14 15:25:10,758 - ERROR - Vehicle type select not found (j_idt28_input). Available selects: ['j_idt26_input', 'j_idt34_input', 'selectedRto_input', 'yaxisVar_input', 'xaxisVar_input', 'selectedYearType_input', 'selectedYear_input']
2025-08-14 15:27:09,117 - ERROR - Initial bootstrap failed: ('Connection aborted.', ConnectionResetError(10054, 'An existing connection was forcibly closed by the remote host', None, 10054, None))
2025-08-14 15:30:06,652 - INFO - Saved initial tablePnl fragment after rclay.
2025-08-14 15:30:08,073 - INFO - Saved diagnostic refresh fragment.
2025-08-14 15:30:08,127 - WARNING - Vehicle type select not found (j_idt28_input). Continuing with category group flow. Available selects: ['j_idt26_input', 'j_idt34_input', 'selectedRto_input', 'yaxisVar_input', 'xaxisVar_input', 'selectedYearType_input', 'selectedYear_input']
2025-08-14 15:30:35,776 - INFO - Saved initial tablePnl fragment after rclay.
2025-08-14 15:30:36,389 - INFO - Saved diagnostic refresh fragment.
2025-08-14 15:30:36,439 - WARNING - Vehicle type select not found (j_idt28_input). Continuing with category group flow. Available selects: ['j_idt26_input', 'j_idt34_input', 'selectedRto_input', 'yaxisVar_input', 'xaxisVar_input', 'selectedYearType_input', 'selectedYear_input']
2025-08-14 15:36:03,960 - ERROR - Initial bootstrap failed: 'VahanAjaxScraper' object has no attribute 'bootstrap'
2025-08-14 15:43:51,893 - ERROR - Initial bootstrap failed: 'VahanAjaxScraper' object has no attribute 'bootstrap'
2025-08-14 15:45:19,847 - INFO - Saved c:\Users\rajsi\OneDrive\Desktop\assignment\vahan_jsf_requests\raw_responses\Vehicle_Category_Vehicle_Category_NA_Till_Today.html
2025-08-14 15:45:24,334 - INFO - Saved c:\Users\rajsi\OneDrive\Desktop\assignment\vahan_jsf_requests\raw_responses\Vehicle_Category_Vehicle_Category_NA_2025.html
2025-08-14 15:45:27,223 - INFO - Saved c:\Users\rajsi\OneDrive\Desktop\assignment\vahan_jsf_requests\raw_responses\Vehicle_Category_Vehicle_Category_NA_2024.html
2025-08-14 15:45:29,057 - INFO - Saved c:\Users\rajsi\OneDrive\Desktop\assignment\vahan_jsf_requests\raw_responses\Vehicle_Category_Vehicle_Category_NA_2023.html
2025-08-14 15:45:32,399 - INFO - Saved c:\Users\rajsi\OneDrive\Desktop\assignment\vahan_jsf_requests\raw_responses\Vehicle_Category_Vehicle_Category_NA_2022.html
2025-08-14 15:45:37,134 - INFO - Saved c:\Users\rajsi\OneDrive\Desktop\assignment\vahan_jsf_requests\raw_responses\Vehicle_Category_Vehicle_Category_NA_2021.html
2025-08-14 15:45:41,019 - INFO - Saved c:\Users\rajsi\OneDrive\Desktop\assignment\vahan_jsf_requests\raw_responses\Vehicle_Category_Vehicle_Category_NA_2020.html
2025-08-14 15:45:43,652 - INFO - Saved c:\Users\rajsi\OneDrive\Desktop\assignment\vahan_jsf_requests\raw_responses\Vehicle_Category_Vehicle_Category_NA_2019.html
2025-08-14 15:45:47,270 - INFO - Saved c:\Users\rajsi\OneDrive\Desktop\assignment\vahan_jsf_requests\raw_responses\Vehicle_Category_Vehicle_Category_NA_2018.html
2025-08-14 15:45:48,714 - INFO - Saved c:\Users\rajsi\OneDrive\Desktop\assignment\vahan_jsf_requests\raw_responses\Vehicle_Category_Vehicle_Category_NA_2017.html
2025-08-14 15:45:49,828 - INFO - Saved c:\Users\rajsi\OneDrive\Desktop\assignment\vahan_jsf_requests\raw_responses\Vehicle_Category_Vehicle_Category_NA_2016.html
2025-08-14 15:45:51,159 - INFO - Saved c:\Users\rajsi\OneDrive\Desktop\assignment\vahan_jsf_requests\raw_responses\Vehicle_Category_Vehicle_Category_NA_2015.html
2025-08-14 15:45:52,595 - INFO - Saved c:\Users\rajsi\OneDrive\Desktop\assignment\vahan_jsf_requests\raw_responses\Vehicle_Category_Vehicle_Category_NA_2014.html
2025-08-14 15:45:53,723 - INFO - Saved c:\Users\rajsi\OneDrive\Desktop\assignment\vahan_jsf_requests\raw_responses\Vehicle_Category_Vehicle_Category_NA_2013.html
2025-08-14 15:45:55,263 - INFO - Saved c:\Users\rajsi\OneDrive\Desktop\assignment\vahan_jsf_requests\raw_responses\Vehicle_Category_Vehicle_Category_NA_2012.html
2025-08-14 15:45:56,486 - INFO - Saved c:\Users\rajsi\OneDrive\Desktop\assignment\vahan_jsf_requests\raw_responses\Vehicle_Category_Vehicle_Category_NA_2011.html
2025-08-14 15:45:57,816 - INFO - Saved c:\Users\rajsi\OneDrive\Desktop\assignment\vahan_jsf_requests\raw_responses\Vehicle_Category_Vehicle_Category_NA_2010.html
2025-08-14 15:45:59,047 - INFO - Saved c:\Users\rajsi\OneDrive\Desktop\assignment\vahan_jsf_requests\raw_responses\Vehicle_Category_Vehicle_Category_NA_2009.html
2025-08-14 15:46:00,478 - INFO - Saved c:\Users\rajsi\OneDrive\Desktop\assignment\vahan_jsf_requests\raw_responses\Vehicle_Category_Vehicle_Category_NA_2008.html
2025-08-14 15:46:01,606 - INFO - Saved c:\Users\rajsi\OneDrive\Desktop\assignment\vahan_jsf_requests\raw_responses\Vehicle_Category_Vehicle_Category_NA_2007.html
2025-08-14 15:46:02,576 - INFO - Saved c:\Users\rajsi\OneDrive\Desktop\assignment\vahan_jsf_requests\raw_responses\Vehicle_Category_Vehicle_Category_NA_2006.html
2025-08-14 15:46:03,450 - INFO - Saved c:\Users\rajsi\OneDrive\Desktop\assignment\vahan_jsf_requests\raw_responses\Vehicle_Category_Vehicle_Category_NA_2005.html
2025-08-14 15:46:04,471 - INFO - Saved c:\Users\rajsi\OneDrive\Desktop\assignment\vahan_jsf_requests\raw_responses\Vehicle_Category_Vehicle_Category_NA_2004.html
2025-08-14 15:46:05,395 - INFO - Saved c:\Users\rajsi\OneDrive\Desktop\assignment\vahan_jsf_requests\raw_responses\Vehicle_Category_Vehicle_Category_NA_2003.html
2025-08-14 15:46:06,421 - INFO - Saved c:\Users\rajsi\OneDrive\Desktop\assignment\vahan_jsf_requests\raw_responses\Vehicle_Category_Vehicle_Category_NA_2002.html
2025-08-14 15:46:10,309 - INFO - Saved c:\Users\rajsi\OneDrive\Desktop\assignment\vahan_jsf_requests\raw_responses\Vehicle_Category_Norms_NA_Till_Today.html
2025-08-14 15:46:11,436 - INFO - Saved c:\Users\rajsi\OneDrive\Desktop\assignment\vahan_jsf_requests\raw_responses\Vehicle_Category_Norms_NA_2025.html
2025-08-14 15:46:12,769 - INFO - Saved c:\Users\rajsi\OneDrive\Desktop\assignment\vahan_jsf_requests\raw_responses\Vehicle_Category_Norms_NA_2024.html
2025-08-14 15:46:13,791 - INFO - Saved c:\Users\rajsi\OneDrive\Desktop\assignment\vahan_jsf_requests\raw_responses\Vehicle_Category_Norms_NA_2023.html
2025-08-14 15:46:14,715 - INFO - Saved c:\Users\rajsi\OneDrive\Desktop\assignment\vahan_jsf_requests\raw_responses\Vehicle_Category_Norms_NA_2022.html
2025-08-14 15:46:15,875 - INFO - Saved c:\Users\rajsi\OneDrive\Desktop\assignment\vahan_jsf_requests\raw_responses\Vehicle_Category_Norms_NA_2021.html
2025-08-14 15:46:18,587 - INFO - Saved c:\Users\rajsi\OneDrive\Desktop\assignment\vahan_jsf_requests\raw_responses\Vehicle_Category_Norms_NA_2020.html
2025-08-14 15:46:19,414 - INFO - Saved c:\Users\rajsi\OneDrive\Desktop\assignment\vahan_jsf_requests\raw_responses\Vehicle_Category_Norms_NA_2019.html
2025-08-14 15:46:22,186 - INFO - Saved c:\Users\rajsi\OneDrive\Desktop\assignment\vahan_jsf_requests\raw_responses\Vehicle_Category_Norms_NA_2018.html
2025-08-14 15:46:24,746 - INFO - Saved c:\Users\rajsi\OneDrive\Desktop\assignment\vahan_jsf_requests\raw_responses\Vehicle_Category_Norms_NA_2017.html
2025-08-14 15:46:25,815 - INFO - Saved c:\Users\rajsi\OneDrive\Desktop\assignment\vahan_jsf_requests\raw_responses\Vehicle_Category_Norms_NA_2016.html
2025-08-14 15:46:28,327 - INFO - Saved c:\Users\rajsi\OneDrive\Desktop\assignment\vahan_jsf_requests\raw_responses\Vehicle_Category_Norms_NA_2015.html
2025-08-14 15:46:31,609 - INFO - Saved c:\Users\rajsi\OneDrive\Desktop\assignment\vahan_jsf_requests\raw_responses\Vehicle_Category_Norms_NA_2014.html
2025-08-14 15:46:32,735 - INFO - Saved c:\Users\rajsi\OneDrive\Desktop\assignment\vahan_jsf_requests\raw_responses\Vehicle_Category_Norms_NA_2013.html
2025-08-14 15:46:33,811 - INFO - Saved c:\Users\rajsi\OneDrive\Desktop\assignment\vahan_jsf_requests\raw_responses\Vehicle_Category_Norms_NA_2012.html
2025-08-14 15:46:35,194 - INFO - Saved c:\Users\rajsi\OneDrive\Desktop\assignment\vahan_jsf_requests\raw_responses\Vehicle_Category_Norms_NA_2011.html
2025-08-14 15:46:36,423 - INFO - Saved c:\Users\rajsi\OneDrive\Desktop\assignment\vahan_jsf_requests\raw_responses\Vehicle_Category_Norms_NA_2010.html
2025-08-14 15:46:37,374 - INFO - Saved c:\Users\rajsi\OneDrive\Desktop\assignment\vahan_jsf_requests\raw_responses\Vehicle_Category_Norms_NA_2009.html
2025-08-14 15:46:39,679 - INFO - Saved c:\Users\rajsi\OneDrive\Desktop\assignment\vahan_jsf_requests\raw_responses\Vehicle_Category_Norms_NA_2008.html
2025-08-14 15:46:43,504 - INFO - Saved c:\Users\rajsi\OneDrive\Desktop\assignment\vahan_jsf_requests\raw_responses\Vehicle_Category_Norms_NA_2007.html
2025-08-14 15:46:44,816 - INFO - Saved c:\Users\rajsi\OneDrive\Desktop\assignment\vahan_jsf_requests\raw_responses\Vehicle_Category_Norms_NA_2006.html
2025-08-14 15:46:45,943 - INFO - Saved c:\Users\rajsi\OneDrive\Desktop\assignment\vahan_jsf_requests\raw_responses\Vehicle_Category_Norms_NA_2005.html
2025-08-14 15:46:47,172 - INFO - Saved c:\Users\rajsi\OneDrive\Desktop\assignment\vahan_jsf_requests\raw_responses\Vehicle_Category_Norms_NA_2004.html
2025-08-14 15:46:48,262 - INFO - Saved c:\Users\rajsi\OneDrive\Desktop\assignment\vahan_jsf_requests\raw_responses\Vehicle_Category_Norms_NA_2003.html
2025-08-14 15:46:49,344 - INFO - Saved c:\Users\rajsi\OneDrive\Desktop\assignment\vahan_jsf_requests\raw_responses\Vehicle_Category_Norms_NA_2002.html
2025-08-14 15:46:53,316 - INFO - Saved c:\Users\rajsi\OneDrive\Desktop\assignment\vahan_jsf_requests\raw_responses\Vehicle_Category_Fuel_NA_Till_Today.html
2025-08-14 15:46:56,111 - INFO - Saved c:\Users\rajsi\OneDrive\Desktop\assignment\vahan_jsf_requests\raw_responses\Vehicle_Category_Fuel_NA_2025.html
2025-08-14 15:46:57,109 - INFO - Saved c:\Users\rajsi\OneDrive\Desktop\assignment\vahan_jsf_requests\raw_responses\Vehicle_Category_Fuel_NA_2024.html
2025-08-14 15:46:58,130 - INFO - Saved c:\Users\rajsi\OneDrive\Desktop\assignment\vahan_jsf_requests\raw_responses\Vehicle_Category_Fuel_NA_2023.html
2025-08-14 15:46:59,223 - INFO - Saved c:\Users\rajsi\OneDrive\Desktop\assignment\vahan_jsf_requests\raw_responses\Vehicle_Category_Fuel_NA_2022.html
2025-08-14 15:47:00,485 - INFO - Saved c:\Users\rajsi\OneDrive\Desktop\assignment\vahan_jsf_requests\raw_responses\Vehicle_Category_Fuel_NA_2021.html
2025-08-14 15:47:01,510 - INFO - Saved c:\Users\rajsi\OneDrive\Desktop\assignment\vahan_jsf_requests\raw_responses\Vehicle_Category_Fuel_NA_2020.html
2025-08-14 15:47:02,638 - INFO - Saved c:\Users\rajsi\OneDrive\Desktop\assignment\vahan_jsf_requests\raw_responses\Vehicle_Category_Fuel_NA_2019.html
2025-08-14 15:47:03,558 - INFO - Saved c:\Users\rajsi\OneDrive\Desktop\assignment\vahan_jsf_requests\raw_responses\Vehicle_Category_Fuel_NA_2018.html
2025-08-14 15:47:04,790 - INFO - Saved c:\Users\rajsi\OneDrive\Desktop\assignment\vahan_jsf_requests\raw_responses\Vehicle_Category_Fuel_NA_2017.html
2025-08-14 15:47:06,461 - INFO - Saved c:\Users\rajsi\OneDrive\Desktop\assignment\vahan_jsf_requests\raw_responses\Vehicle_Category_Fuel_NA_2016.html
2025-08-14 15:47:07,454 - INFO - Saved c:\Users\rajsi\OneDrive\Desktop\assignment\vahan_jsf_requests\raw_responses\Vehicle_Category_Fuel_NA_2015.html
2025-08-14 15:47:09,859 - INFO - Saved c:\Users\rajsi\OneDrive\Desktop\assignment\vahan_jsf_requests\raw_responses\Vehicle_Category_Fuel_NA_2014.html
2025-08-14 15:47:13,303 - INFO - Saved c:\Users\rajsi\OneDrive\Desktop\assignment\vahan_jsf_requests\raw_responses\Vehicle_Category_Fuel_NA_2013.html
2025-08-14 15:47:14,616 - INFO - Saved c:\Users\rajsi\OneDrive\Desktop\assignment\vahan_jsf_requests\raw_responses\Vehicle_Category_Fuel_NA_2012.html
2025-08-14 15:47:15,742 - INFO - Saved c:\Users\rajsi\OneDrive\Desktop\assignment\vahan_jsf_requests\raw_responses\Vehicle_Category_Fuel_NA_2011.html
2025-08-14 15:47:20,761 - INFO - Saved c:\Users\rajsi\OneDrive\Desktop\assignment\vahan_jsf_requests\raw_responses\Vehicle_Category_Fuel_NA_2010.html
2025-08-14 15:47:22,808 - INFO - Saved c:\Users\rajsi\OneDrive\Desktop\assignment\vahan_jsf_requests\raw_responses\Vehicle_Category_Fuel_NA_2009.html
2025-08-14 15:47:24,573 - INFO - Saved c:\Users\rajsi\OneDrive\Desktop\assignment\vahan_jsf_requests\raw_responses\Vehicle_Category_Fuel_NA_2008.html
2025-08-14 15:47:25,679 - INFO - Saved c:\Users\rajsi\OneDrive\Desktop\assignment\vahan_jsf_requests\raw_responses\Vehicle_Category_Fuel_NA_2007.html
2025-08-14 15:47:27,008 - INFO - Saved c:\Users\rajsi\OneDrive\Desktop\assignment\vahan_jsf_requests\raw_responses\Vehicle_Category_Fuel_NA_2006.html
2025-08-14 15:47:28,339 - INFO - Saved c:\Users\rajsi\OneDrive\Desktop\assignment\vahan_jsf_requests\raw_responses\Vehicle_Category_Fuel_NA_2005.html
2025-08-14 15:47:29,364 - INFO - Saved c:\Users\rajsi\OneDrive\Desktop\assignment\vahan_jsf_requests\raw_responses\Vehicle_Category_Fuel_NA_2004.html
2025-08-14 15:47:30,694 - INFO - Saved c:\Users\rajsi\OneDrive\Desktop\assignment\vahan_jsf_requests\raw_responses\Vehicle_Category_Fuel_NA_2003.html
2025-08-14 15:47:31,921 - INFO - Saved c:\Users\rajsi\OneDrive\Desktop\assignment\vahan_jsf_requests\raw_responses\Vehicle_Category_Fuel_NA_2002.html
2025-08-14 15:50:38,006 - INFO - Saved c:\Users\rajsi\OneDrive\Desktop\assignment\vahan_jsf_requests\raw_responses\Vehicle_Category_Vehicle_Category_NA_Till_Today.html
2025-08-14 15:50:39,095 - INFO - Saved c:\Users\rajsi\OneDrive\Desktop\assignment\vahan_jsf_requests\raw_responses\Vehicle_Category_Vehicle_Category_NA_2025.html
2025-08-14 15:50:40,535 - INFO - Saved c:\Users\rajsi\OneDrive\Desktop\assignment\vahan_jsf_requests\raw_responses\Vehicle_Category_Vehicle_Category_NA_2024.html
2025-08-14 15:50:42,373 - INFO - Saved c:\Users\rajsi\OneDrive\Desktop\assignment\vahan_jsf_requests\raw_responses\Vehicle_Category_Vehicle_Category_NA_2023.html
2025-08-14 15:50:44,220 - INFO - Saved c:\Users\rajsi\OneDrive\Desktop\assignment\vahan_jsf_requests\raw_responses\Vehicle_Category_Vehicle_Category_NA_2022.html
2025-08-14 15:50:45,728 - INFO - Saved c:\Users\rajsi\OneDrive\Desktop\assignment\vahan_jsf_requests\raw_responses\Vehicle_Category_Vehicle_Category_NA_2021.html
2025-08-14 15:50:47,007 - INFO - Saved c:\Users\rajsi\OneDrive\Desktop\assignment\vahan_jsf_requests\raw_responses\Vehicle_Category_Vehicle_Category_NA_2020.html
2025-08-14 15:50:49,805 - INFO - Saved c:\Users\rajsi\OneDrive\Desktop\assignment\vahan_jsf_requests\raw_responses\Vehicle_Category_Vehicle_Category_NA_2019.html
2025-08-14 15:50:51,001 - INFO - Saved c:\Users\rajsi\OneDrive\Desktop\assignment\vahan_jsf_requests\raw_responses\Vehicle_Category_Vehicle_Category_NA_2018.html
2025-08-14 15:50:53,381 - INFO - Saved c:\Users\rajsi\OneDrive\Desktop\assignment\vahan_jsf_requests\raw_responses\Vehicle_Category_Vehicle_Category_NA_2017.html
2025-08-14 15:50:54,877 - INFO - Saved c:\Users\rajsi\OneDrive\Desktop\assignment\vahan_jsf_requests\raw_responses\Vehicle_Category_Vehicle_Category_NA_2016.html
2025-08-14 15:50:56,910 - INFO - Saved c:\Users\rajsi\OneDrive\Desktop\assignment\vahan_jsf_requests\raw_responses\Vehicle_Category_Vehicle_Category_NA_2015.html
2025-08-14 15:50:59,047 - INFO - Saved c:\Users\rajsi\OneDrive\Desktop\assignment\vahan_jsf_requests\raw_responses\Vehicle_Category_Vehicle_Category_NA_2014.html
2025-08-14 15:51:00,615 - INFO - Saved c:\Users\rajsi\OneDrive\Desktop\assignment\vahan_jsf_requests\raw_responses\Vehicle_Category_Vehicle_Category_NA_2013.html
2025-08-14 15:51:01,848 - INFO - Saved c:\Users\rajsi\OneDrive\Desktop\assignment\vahan_jsf_requests\raw_responses\Vehicle_Category_Vehicle_Category_NA_2012.html
2025-08-14 15:51:03,305 - INFO - Saved c:\Users\rajsi\OneDrive\Desktop\assignment\vahan_jsf_requests\raw_responses\Vehicle_Category_Vehicle_Category_NA_2011.html
2025-08-14 15:51:06,244 - INFO - Saved c:\Users\rajsi\OneDrive\Desktop\assignment\vahan_jsf_requests\raw_responses\Vehicle_Category_Vehicle_Category_NA_2010.html
2025-08-14 15:51:08,185 - INFO - Saved c:\Users\rajsi\OneDrive\Desktop\assignment\vahan_jsf_requests\raw_responses\Vehicle_Category_Vehicle_Category_NA_2009.html
2025-08-14 15:51:09,802 - INFO - Saved c:\Users\rajsi\OneDrive\Desktop\assignment\vahan_jsf_requests\raw_responses\Vehicle_Category_Vehicle_Category_NA_2008.html
2025-08-14 15:51:11,507 - INFO - Saved c:\Users\rajsi\OneDrive\Desktop\assignment\vahan_jsf_requests\raw_responses\Vehicle_Category_Vehicle_Category_NA_2007.html
2025-08-14 15:51:13,841 - INFO - Saved c:\Users\rajsi\OneDrive\Desktop\assignment\vahan_jsf_requests\raw_responses\Vehicle_Category_Vehicle_Category_NA_2006.html
2025-08-14 15:59:50,930 - INFO - Saved c:\Users\rajsi\OneDrive\Desktop\assignment\vahan_jsf_requests\raw_responses\Maker_Month_Wise_NA_2024.html
2025-08-14 15:59:50,953 - INFO - Completed interactive single combination extraction.
2025-08-14 16:13:32,491 - INFO - Saved c:\Users\rajsi\OneDrive\Desktop\assignment\vahan_jsf_requests\raw_responses\Maker_Month_Wise_NA_2024.html
2025-08-14 16:13:32,492 - INFO - Completed interactive single combination extraction.
2025-08-14 16:16:52,120 - INFO - Saved c:\Users\rajsi\OneDrive\Desktop\assignment\vahan_jsf_requests\raw_responses\Maker_Month_Wise_NA_2024.html
2025-08-14 16:16:52,121 - INFO - Completed single combination extraction.
2025-08-14 16:18:55,313 - INFO - Saved c:\Users\rajsi\OneDrive\Desktop\assignment\vahan_jsf_requests\raw_responses\Maker_Month_Wise_NA_2020.html
2025-08-14 16:18:55,314 - INFO - Completed single combination extraction.
2025-08-14 16:20:25,830 - INFO - Saved c:\Users\rajsi\OneDrive\Desktop\assignment\vahan_jsf_requests\raw_responses\Maker_Month_Wise_NA_2021.html
2025-08-14 16:20:25,836 - INFO - Saved c:\Users\rajsi\OneDrive\Desktop\assignment\vahan_jsf_requests\raw_responses\Maker_Month_Wise_ALLPAGES_NA_2021.html
2025-08-14 16:20:25,839 - INFO - Saved c:\Users\rajsi\OneDrive\Desktop\assignment\vahan_jsf_requests\raw_responses\Maker_Month_Wise_ALLPAGES_2021.csv
2025-08-14 16:20:25,839 - INFO - Saved combined 1450 rows over 58 pages
2025-08-14 16:20:25,840 - INFO - Completed single combination extraction.
2025-08-14 16:23:28,255 - INFO - Saved c:\Users\rajsi\OneDrive\Desktop\assignment\vahan_jsf_requests\raw_responses\Maker_Month_Wise_NA_2015.html
2025-08-14 16:23:28,257 - INFO - Saved c:\Users\rajsi\OneDrive\Desktop\assignment\vahan_jsf_requests\raw_responses\Maker_Month_Wise_ALLPAGES_NA_2015.html
2025-08-14 16:23:28,257 - INFO - Saved c:\Users\rajsi\OneDrive\Desktop\assignment\vahan_jsf_requests\raw_responses\Maker_Month_Wise_ALLPAGES_2015.csv
2025-08-14 16:23:28,258 - INFO - Saved combined 25 rows over 1 pages
2025-08-14 16:23:28,258 - INFO - Completed single combination extraction.
